2025-04-09 15:48:44.992787 - Received CBT.V508.FILE094.PDS from FILE094.XMI 
2025-04-09 15:48:45.008819 - Found $$$#DATE.txt (text/plain) in CBT.V508.FILE094.PDS, moved to PDS/$$$#DATE
2025-04-09 15:48:45.009458 - Found $$NOTE1.txt (text/plain) in CBT.V508.FILE094.PDS, moved to PDS/$$NOTE1
2025-04-09 15:48:45.010143 - Found $$NOTE2.txt (text/plain) in CBT.V508.FILE094.PDS, moved to PDS/$$NOTE2
2025-04-09 15:48:45.010725 - Found $$NOTE3.txt (text/plain) in CBT.V508.FILE094.PDS, moved to PDS/$$NOTE3
2025-04-09 15:48:45.011463 - Found $COMMON.txt (text/plain) in CBT.V508.FILE094.PDS, moved to PDS/$COMMON
2025-04-09 15:48:45.012127 - Found $COMM142.txt (text/plain) in CBT.V508.FILE094.PDS, moved to PDS/$COMM142
2025-04-09 15:48:45.012835 - Found $COMM143.txt (text/plain) in CBT.V508.FILE094.PDS, moved to PDS/$COMM143
2025-04-09 15:48:45.013480 - Found $COMM144.txt (text/plain) in CBT.V508.FILE094.PDS, moved to PDS/$COMM144
2025-04-09 15:48:45.014197 - Found $COMM145.txt (text/plain) in CBT.V508.FILE094.PDS, moved to PDS/$COMM145
2025-04-09 15:48:45.014966 - Found $COMM146.txt (text/plain) in CBT.V508.FILE094.PDS, moved to PDS/$COMM146
2025-04-09 15:48:45.015968 - Found $COMM147.txt (text/plain) in CBT.V508.FILE094.PDS, moved to PDS/$COMM147
2025-04-09 15:48:45.016653 - Found $COMM148.txt (text/plain) in CBT.V508.FILE094.PDS, moved to PDS/$COMM148
2025-04-09 15:48:45.017331 - Found $DAFJCL.jcl (text/plain) in CBT.V508.FILE094.PDS, moved to PDS/$DAFJCL
2025-04-09 15:48:45.017981 - Found $DAFNOTE.txt (text/plain) in CBT.V508.FILE094.PDS, moved to PDS/$DAFNOTE
2025-04-09 15:48:45.018704 - Found $ODAFDOC.txt (text/plain) in CBT.V508.FILE094.PDS, moved to PDS/$ODAFDOC
2025-04-09 15:48:45.019274 - Found @FILE094.txt (text/plain) in CBT.V508.FILE094.PDS, moved to PDS/@FILE094
2025-04-09 15:48:45.020524 - Found DAF.jcl (text/plain) in CBT.V508.FILE094.PDS, moved to PDS/DAF
2025-04-09 15:48:45.021210 - Found DAFPLI.txt (text/plain) in CBT.V508.FILE094.PDS, moved to PDS/DAFPLI
2025-04-09 15:48:45.022109 - Found DAF130.jcl (text/plain) in CBT.V508.FILE094.PDS, moved to PDS/DAF130
2025-04-09 15:48:45.022894 - Found DAF130L.xmi (application/xmit) in CBT.V508.FILE094.PDS, moved to PDS/DAF130L.xmi
2025-04-09 15:48:45.041641 - Received SBGOLOB.DAF130.LOADLIB from DAF130L.xmi 
2025-04-09 15:48:45.042747 - Found DAF.bin (application/octet-stream) in SBGOLOB.DAF130.LOADLIB, moved to DAF130L/DAF
2025-04-09 15:48:45.043850 - Found DAF140.jcl (text/plain) in CBT.V508.FILE094.PDS, moved to PDS/DAF140
2025-04-09 15:48:45.044568 - Found DAF140L.xmi (application/xmit) in CBT.V508.FILE094.PDS, moved to PDS/DAF140L.xmi
2025-04-09 15:48:45.063555 - Received SBGOLOB.DAF140.LOAD from DAF140L.xmi 
2025-04-09 15:48:45.064649 - Found DAF140.bin (application/octet-stream) in SBGOLOB.DAF140.LOAD, moved to DAF140L/DAF140
2025-04-09 15:48:45.065709 - Found DAF142.jcl (text/plain) in CBT.V508.FILE094.PDS, moved to PDS/DAF142
2025-04-09 15:48:45.066353 - Found DAF142L.xmi (application/xmit) in CBT.V508.FILE094.PDS, moved to PDS/DAF142L.xmi
2025-04-09 15:48:45.087008 - Received SBGOLOB.DAF142.LINKLIB from DAF142L.xmi 
2025-04-09 15:48:45.087783 - Found alias DAF to DAF142 in SBGOLOB.DAF142.LINKLIB, moved to PDS/DAF
2025-04-09 15:48:45.088511 - Found DAF142.bin (application/octet-stream) in SBGOLOB.DAF142.LINKLIB, moved to DAF142L/DAF142
2025-04-09 15:48:45.089651 - Found DAF143.jcl (text/plain) in CBT.V508.FILE094.PDS, moved to PDS/DAF143
2025-04-09 15:48:45.090391 - Found DAF143L.xmi (application/xmit) in CBT.V508.FILE094.PDS, moved to PDS/DAF143L.xmi
2025-04-09 15:48:45.112130 - Received SBGOLOB.DAF143.LINKLIB from DAF143L.xmi 
2025-04-09 15:48:45.113217 - Found DAF.bin (application/octet-stream) in SBGOLOB.DAF143.LINKLIB, moved to DAF143L/DAF
2025-04-09 15:48:45.114357 - Found DAF144.jcl (text/plain) in CBT.V508.FILE094.PDS, moved to PDS/DAF144
2025-04-09 15:48:45.115138 - Found DAF144L.xmi (application/xmit) in CBT.V508.FILE094.PDS, moved to PDS/DAF144L.xmi
2025-04-09 15:48:45.143661 - Received SBGOLOB.DAF144.LINKLIB from DAF144L.xmi 
2025-04-09 15:48:45.144795 - Found DAF.bin (application/octet-stream) in SBGOLOB.DAF144.LINKLIB, moved to DAF144L/DAF
2025-04-09 15:48:45.146009 - Found DAF145.jcl (text/plain) in CBT.V508.FILE094.PDS, moved to PDS/DAF145
2025-04-09 15:48:45.146711 - Found DAF145L.xmi (application/xmit) in CBT.V508.FILE094.PDS, moved to PDS/DAF145L.xmi
2025-04-09 15:48:45.176049 - Received SBGOLOB.DAF145.LINKLIB from DAF145L.xmi 
2025-04-09 15:48:45.177276 - Found DAF.bin (application/octet-stream) in SBGOLOB.DAF145.LINKLIB, moved to DAF145L/DAF
2025-04-09 15:48:45.178915 - Found DAF146.jcl (text/plain) in CBT.V508.FILE094.PDS, moved to PDS/DAF146
2025-04-09 15:48:45.179648 - Found DAF146L.xmi (application/xmit) in CBT.V508.FILE094.PDS, moved to PDS/DAF146L.xmi
2025-04-09 15:48:45.212003 - Received SBGOLOB.DAF146.LINKLIB from DAF146L.xmi 
2025-04-09 15:48:45.213187 - Found DAF.bin (application/octet-stream) in SBGOLOB.DAF146.LINKLIB, moved to DAF146L/DAF
2025-04-09 15:48:45.214491 - Found DAF147.jcl (text/plain) in CBT.V508.FILE094.PDS, moved to PDS/DAF147
2025-04-09 15:48:45.215299 - Found DAF147L.xmi (application/xmit) in CBT.V508.FILE094.PDS, moved to PDS/DAF147L.xmi
2025-04-09 15:48:45.248654 - Received SBGOLOB.DAF147.LINKLIB from DAF147L.xmi 
2025-04-09 15:48:45.249854 - Found DAF.bin (application/octet-stream) in SBGOLOB.DAF147.LINKLIB, moved to DAF147L/DAF
2025-04-09 15:48:45.251298 - Found DAF148.jcl (text/plain) in CBT.V508.FILE094.PDS, moved to PDS/DAF148
2025-04-09 15:48:45.252127 - Found DAF148L.xmi (application/xmit) in CBT.V508.FILE094.PDS, moved to PDS/DAF148L.xmi
2025-04-09 15:48:45.290577 - Received SBGOLOB.DAF148.LINKLIB from DAF148L.xmi 
2025-04-09 15:48:45.291868 - Found DAF.bin (application/octet-stream) in SBGOLOB.DAF148.LINKLIB, moved to DAF148L/DAF
2025-04-09 15:48:45.292935 - Found DAF148NL.xmi (application/xmit) in CBT.V508.FILE094.PDS, moved to PDS/DAF148NL.xmi
2025-04-09 15:48:45.331298 - Received SBGOLOB.DAF148N.LINKLIB from DAF148NL.xmi 
2025-04-09 15:48:45.332636 - Found DAF.bin (application/octet-stream) in SBGOLOB.DAF148N.LINKLIB, moved to DAF148NL/DAF
2025-04-09 15:48:45.333641 - Found DAF149L.xmi (application/xmit) in CBT.V508.FILE094.PDS, moved to PDS/DAF149L.xmi
2025-04-09 15:48:45.372271 - Received SBGOLOB.DAF149.LINKLIB from DAF149L.xmi 
2025-04-09 15:48:45.373619 - Found DAF.bin (application/octet-stream) in SBGOLOB.DAF149.LINKLIB, moved to DAF149L/DAF
